<?xml version="1.0" encoding="UTF-8"?>
<!-- Generated by org.testng.reporters.JUnitReportReporter -->
<testsuite skipped="0" hostname="Navdeep-Laptop" name="com.customerapi.Testcases.TC001_Get_All_Customers" tests="7" failures="0" timestamp="2021-05-04T20:48:19 IST" time="0.235" errors="0">
  <testcase name="checkContentLength" time="0.037" classname="com.customerapi.Testcases.TC001_Get_All_Customers"/>
  <system-out/>
  <testcase name="checkStatusLine" time="0.009" classname="com.customerapi.Testcases.TC001_Get_All_Customers"/>
  <system-out/>
  <testcase name="checkResponseBody" time="0.104" classname="com.customerapi.Testcases.TC001_Get_All_Customers"/>
  <system-out/>
  <testcase name="checkContentType" time="0.006" classname="com.customerapi.Testcases.TC001_Get_All_Customers"/>
  <system-out/>
  <testcase name="checkResponseTime" time="0.067" classname="com.customerapi.Testcases.TC001_Get_All_Customers"/>
  <system-out/>
  <testcase name="checkStatusCode" time="0.006" classname="com.customerapi.Testcases.TC001_Get_All_Customers"/>
  <system-out/>
  <testcase name="checkServerType" time="0.006" classname="com.customerapi.Testcases.TC001_Get_All_Customers"/>
  <system-out/>
</testsuite> <!-- com.customerapi.Testcases.TC001_Get_All_Customers -->
