<?xml version="1.0" encoding="UTF-8"?>
<!-- Generated by org.testng.reporters.JUnitReportReporter -->
<testsuite skipped="0" hostname="Navdeep-Laptop" name="com.customerapi.Testcases.TC003_Add_Customer" tests="3" failures="0" timestamp="2021-05-04T20:48:19 IST" time="3.048" errors="0">
  <testcase name="checkStatusCode" time="0.003" classname="com.customerapi.Testcases.TC003_Add_Customer"/>
  <system-out/>
  <testcase name="checkResponseTime" time="0.003" classname="com.customerapi.Testcases.TC003_Add_Customer"/>
  <system-out/>
  <testcase name="Create_Customer" time="3.042" classname="com.customerapi.Testcases.TC003_Add_Customer"/>
  <system-out/>
</testsuite> <!-- com.customerapi.Testcases.TC003_Add_Customer -->
