<?xml version="1.0" encoding="UTF-8"?>
<!-- Generated by org.testng.reporters.JUnitReportReporter -->
<testsuite skipped="0" hostname="Navdeep-Laptop" name="com.customerapi.Testcases.TC002_Get_Single_Customer" tests="7" failures="0" timestamp="2021-05-04T20:48:19 IST" time="0.032" errors="0">
  <testcase name="checkStatusCode" time="0.005" classname="com.customerapi.Testcases.TC002_Get_Single_Customer"/>
  <system-out/>
  <testcase name="checkContentType" time="0.004" classname="com.customerapi.Testcases.TC002_Get_Single_Customer"/>
  <system-out/>
  <testcase name="checkServerType" time="0.004" classname="com.customerapi.Testcases.TC002_Get_Single_Customer"/>
  <system-out/>
  <testcase name="checkResponseTime" time="0.004" classname="com.customerapi.Testcases.TC002_Get_Single_Customer"/>
  <system-out/>
  <testcase name="checkStatusLine" time="0.006" classname="com.customerapi.Testcases.TC002_Get_Single_Customer"/>
  <system-out/>
  <testcase name="checkContentLength" time="0.004" classname="com.customerapi.Testcases.TC002_Get_Single_Customer"/>
  <system-out/>
  <testcase name="checkResponseBody" time="0.005" classname="com.customerapi.Testcases.TC002_Get_Single_Customer"/>
  <system-out/>
</testsuite> <!-- com.customerapi.Testcases.TC002_Get_Single_Customer -->
