<?xml version="1.0" encoding="UTF-8"?>
<!-- Generated by org.testng.reporters.JUnitReportReporter -->
<testsuite skipped="0" hostname="Navdeep-Laptop" name="com.customerapi.Testcases.TC003_Add_Customer" tests="3" failures="0" timestamp="2021-05-15T20:24:04 IST" time="1.283" errors="0">
  <testcase name="Create_Customer" time="1.265" classname="com.customerapi.Testcases.TC003_Add_Customer"/>
  <system-out/>
  <testcase name="checkStatusCode" time="0.010" classname="com.customerapi.Testcases.TC003_Add_Customer"/>
  <system-out/>
  <testcase name="checkResponseTime" time="0.008" classname="com.customerapi.Testcases.TC003_Add_Customer"/>
  <system-out/>
</testsuite> <!-- com.customerapi.Testcases.TC003_Add_Customer -->
